{
  "RSpec": {
    "coverage": {
      "/home/williamscch/Desktop/workspace/inmobiliaria_api/spec/models/residence_spec.rb": {
        "lines": [
          1,
          null,
          1,
          1,
          1,
          1,
          null,
          null,
          1,
          2,
          2,
          null,
          null,
          1,
          5,
          null,
          2,
          2,
          2,
          2,
          null,
          null
        ]
      },
      "/home/williamscch/Desktop/workspace/inmobiliaria_api/spec/rails_helper.rb": {
        "lines": [
          null,
          1,
          1,
          null,
          1,
          1,
          null,
          1,
          1,
          null,
          null,
          null,
          null,
          null,
          null,
          null,
          null,
          null,
          null,
          null,
          null,
          null,
          null,
          null,
          null,
          null,
          null,
          null,
          null,
          1,
          null,
          0,
          null,
          1,
          1,
          null,
          1,
          null,
          null,
          null,
          null,
          1,
          null,
          null,
          null,
          null,
          null,
          null,
          null,
          null,
          null,
          null,
          null,
          null,
          null,
          null,
          null,
          null,
          null,
          1,
          null,
          null,
          1,
          null,
          null,
          null,
          null,
          null,
          1,
          1,
          1,
          1,
          null,
          null
        ]
      },
      "/home/williamscch/Desktop/workspace/inmobiliaria_api/spec/support/factory_bot.rb": {
        "lines": [

        ]
      },
      "/home/williamscch/Desktop/workspace/inmobiliaria_api/config/environment.rb": {
        "lines": [
          null,
          1,
          null,
          null,
          1
        ]
      },
      "/home/williamscch/Desktop/workspace/inmobiliaria_api/config/application.rb": {
        "lines": [
          1,
          null,
          1,
          null,
          null,
          null,
          1,
          null,
          1,
          null,
          1,
          1,
          null,
          1,
          null,
          null,
          null,
          null,
          null,
          null,
          null,
          null,
          null,
          null,
          null,
          null,
          1,
          null,
          null
        ]
      },
      "/home/williamscch/Desktop/workspace/inmobiliaria_api/config/boot.rb": {
        "lines": [
          1,
          null,
          1,
          1
        ]
      },
      "/home/williamscch/Desktop/workspace/inmobiliaria_api/config/environments/test.rb": {
        "lines": [
          1,
          null,
          null,
          null,
          null,
          null,
          null,
          1,
          null,
          null,
          null,
          1,
          null,
          null,
          null,
          null,
          1,
          null,
          null,
          1,
          1,
          null,
          null,
          null,
          null,
          1,
          1,
          1,
          null,
          null,
          1,
          null,
          null,
          1,
          null,
          null,
          1,
          null,
          1,
          null,
          null,
          null,
          null,
          1,
          null,
          null,
          1,
          null,
          null,
          1,
          null,
          null,
          1,
          null,
          null,
          null,
          null,
          null,
          null,
          null
        ]
      },
      "/home/williamscch/Desktop/workspace/inmobiliaria_api/config/initializers/cors.rb": {
        "lines": [
          null,
          null,
          null,
          null,
          null,
          null,
          null,
          null,
          null,
          null,
          null,
          null,
          null,
          null,
          null,
          null
        ]
      },
      "/home/williamscch/Desktop/workspace/inmobiliaria_api/config/initializers/filter_parameter_logging.rb": {
        "lines": [
          null,
          null,
          null,
          null,
          null,
          1,
          null,
          null
        ]
      },
      "/home/williamscch/Desktop/workspace/inmobiliaria_api/config/initializers/inflections.rb": {
        "lines": [
          null,
          null,
          null,
          null,
          null,
          null,
          null,
          null,
          null,
          null,
          null,
          null,
          null,
          null,
          null,
          null
        ]
      },
      "/home/williamscch/Desktop/workspace/inmobiliaria_api/spec/factories/agents.rb": {
        "lines": [
          1,
          1,
          1,
          1,
          1,
          1,
          1,
          1,
          null,
          1,
          null,
          null
        ]
      },
      "/home/williamscch/Desktop/workspace/inmobiliaria_api/spec/factories/cities.rb": {
        "lines": [
          1,
          1,
          7,
          null,
          null
        ]
      },
      "/home/williamscch/Desktop/workspace/inmobiliaria_api/spec/factories/clients.rb": {
        "lines": [
          1,
          1,
          1,
          1,
          1,
          1,
          null,
          1,
          null,
          null
        ]
      },
      "/home/williamscch/Desktop/workspace/inmobiliaria_api/spec/factories/properties.rb": {
        "lines": [
          1,
          1,
          1,
          null,
          1,
          1,
          1,
          1,
          1,
          1,
          null,
          1,
          null,
          1,
          1,
          1,
          1,
          1,
          1,
          1,
          1,
          1,
          1,
          1,
          1,
          1,
          1,
          null,
          null,
          1,
          1,
          1,
          1,
          1,
          1,
          1,
          1,
          1,
          1,
          null,
          null,
          1,
          1,
          1,
          1,
          1,
          1,
          null,
          null,
          1,
          1,
          1,
          1,
          1,
          1,
          1,
          1,
          null,
          null,
          null
        ]
      },
      "/home/williamscch/Desktop/workspace/inmobiliaria_api/spec/factories/residences.rb": {
        "lines": [
          1,
          1,
          7,
          null,
          1,
          null,
          null
        ]
      },
      "/home/williamscch/Desktop/workspace/inmobiliaria_api/spec/factories/users.rb": {
        "lines": [
          1,
          1,
          1,
          1,
          1,
          1,
          null,
          null
        ]
      },
      "/home/williamscch/Desktop/workspace/inmobiliaria_api/spec/factories/visits.rb": {
        "lines": [
          1,
          1,
          1,
          null,
          null
        ]
      },
      "/home/williamscch/Desktop/workspace/inmobiliaria_api/spec/factories/zones.rb": {
        "lines": [
          1,
          1,
          7,
          null,
          1,
          null,
          null
        ]
      },
      "/home/williamscch/Desktop/workspace/inmobiliaria_api/config/routes.rb": {
        "lines": [
          1,
          null,
          null,
          null,
          null,
          null
        ]
      },
      "/home/williamscch/Desktop/workspace/inmobiliaria_api/app/models/residence.rb": {
        "lines": [
          1,
          1,
          null,
          1,
          null
        ]
      },
      "/home/williamscch/Desktop/workspace/inmobiliaria_api/app/models/application_record.rb": {
        "lines": [
          1,
          1,
          null
        ]
      },
      "/home/williamscch/Desktop/workspace/inmobiliaria_api/app/models/zone.rb": {
        "lines": [
          1,
          1,
          1,
          null,
          1,
          null
        ]
      },
      "/home/williamscch/Desktop/workspace/inmobiliaria_api/app/models/city.rb": {
        "lines": [
          1,
          1,
          null,
          1,
          null
        ]
      }
    },
    "timestamp": 1687481456
  }
}
